<?xml version="1.0" encoding="utf-8"?><testsuites><testsuite name="pytest" errors="0" failures="0" skipped="0" tests="3" time="0.927" timestamp="2023-10-03T22:28:24.267206" hostname="becdc7ee5ec7"><testcase classname="examples_rclpy_executors.executors.test.test_copyright" name="test_copyright" time="0.424" /><testcase classname="examples_rclpy_executors.executors.test.test_flake8" name="test_flake8" time="0.220" /><testcase classname="examples_rclpy_executors.executors.test.test_pep257" name="test_pep257" time="0.059" /></testsuite></testsuites>