Start testing: Oct 03 22:28 UTC
----------------------------------------------------------
1/6 Testing: copyright
1/6 Test: copyright
Command: "/usr/bin/python3.10" "-u" "/opt/ros/iron/share/ament_cmake_test/cmake/run_test.py" "/root/ros2_ws/build/examples_rclcpp_wait_set/test_results/examples_rclcpp_wait_set/copyright.xunit.xml" "--package-name" "examples_rclcpp_wait_set" "--output-file" "/root/ros2_ws/build/examples_rclcpp_wait_set/ament_copyright/copyright.txt" "--command" "/opt/ros/iron/bin/ament_copyright" "--xunit-file" "/root/ros2_ws/build/examples_rclcpp_wait_set/test_results/examples_rclcpp_wait_set/copyright.xunit.xml"
Directory: /root/ros2_ws/src/examples/rclcpp/wait_set
"copyright" start time: Oct 03 22:28 UTC
Output:
----------------------------------------------------------
-- run_test.py: invoking following command in '/root/ros2_ws/src/examples/rclcpp/wait_set':
 - /opt/ros/iron/bin/ament_copyright --xunit-file /root/ros2_ws/build/examples_rclcpp_wait_set/test_results/examples_rclcpp_wait_set/copyright.xunit.xml
No problems found, checked 15 files
-- run_test.py: return code 0
-- run_test.py: verify result file '/root/ros2_ws/build/examples_rclcpp_wait_set/test_results/examples_rclcpp_wait_set/copyright.xunit.xml'
<end of output>
Test time =   0.79 sec
----------------------------------------------------------
Test Passed.
"copyright" end time: Oct 03 22:28 UTC
"copyright" time elapsed: 00:00:00
----------------------------------------------------------

2/6 Testing: cppcheck
2/6 Test: cppcheck
Command: "/usr/bin/python3.10" "-u" "/opt/ros/iron/share/ament_cmake_test/cmake/run_test.py" "/root/ros2_ws/build/examples_rclcpp_wait_set/test_results/examples_rclcpp_wait_set/cppcheck.xunit.xml" "--package-name" "examples_rclcpp_wait_set" "--output-file" "/root/ros2_ws/build/examples_rclcpp_wait_set/ament_cppcheck/cppcheck.txt" "--command" "/opt/ros/iron/bin/ament_cppcheck" "--xunit-file" "/root/ros2_ws/build/examples_rclcpp_wait_set/test_results/examples_rclcpp_wait_set/cppcheck.xunit.xml" "--include_dirs" "/root/ros2_ws/src/examples/rclcpp/wait_set/include"
Directory: /root/ros2_ws/src/examples/rclcpp/wait_set
"cppcheck" start time: Oct 03 22:28 UTC
Output:
----------------------------------------------------------
-- run_test.py: invoking following command in '/root/ros2_ws/src/examples/rclcpp/wait_set':
 - /opt/ros/iron/bin/ament_cppcheck --xunit-file /root/ros2_ws/build/examples_rclcpp_wait_set/test_results/examples_rclcpp_wait_set/cppcheck.xunit.xml --include_dirs /root/ros2_ws/src/examples/rclcpp/wait_set/include
cppcheck 2.7 has known performance issues and therefore will not be used, set the AMENT_CPPCHECK_ALLOW_SLOW_VERSIONS environment variable to override this.
-- run_test.py: return code 0
-- run_test.py: verify result file '/root/ros2_ws/build/examples_rclcpp_wait_set/test_results/examples_rclcpp_wait_set/cppcheck.xunit.xml'
<end of output>
Test time =   0.22 sec
----------------------------------------------------------
Test Passed.
"cppcheck" end time: Oct 03 22:28 UTC
"cppcheck" time elapsed: 00:00:00
----------------------------------------------------------

3/6 Testing: cpplint
3/6 Test: cpplint
Command: "/usr/bin/python3.10" "-u" "/opt/ros/iron/share/ament_cmake_test/cmake/run_test.py" "/root/ros2_ws/build/examples_rclcpp_wait_set/test_results/examples_rclcpp_wait_set/cpplint.xunit.xml" "--package-name" "examples_rclcpp_wait_set" "--output-file" "/root/ros2_ws/build/examples_rclcpp_wait_set/ament_cpplint/cpplint.txt" "--command" "/opt/ros/iron/bin/ament_cpplint" "--xunit-file" "/root/ros2_ws/build/examples_rclcpp_wait_set/test_results/examples_rclcpp_wait_set/cpplint.xunit.xml"
Directory: /root/ros2_ws/src/examples/rclcpp/wait_set
"cpplint" start time: Oct 03 22:28 UTC
Output:
----------------------------------------------------------
-- run_test.py: invoking following command in '/root/ros2_ws/src/examples/rclcpp/wait_set':
 - /opt/ros/iron/bin/ament_cpplint --xunit-file /root/ros2_ws/build/examples_rclcpp_wait_set/test_results/examples_rclcpp_wait_set/cpplint.xunit.xml
Using '--root=/root/ros2_ws/src/examples/rclcpp/wait_set/include' argument

Done processing /root/ros2_ws/src/examples/rclcpp/wait_set/include/wait_set/listener.hpp

Done processing /root/ros2_ws/src/examples/rclcpp/wait_set/include/wait_set/random_listener.hpp

Done processing /root/ros2_ws/src/examples/rclcpp/wait_set/include/wait_set/random_talker.hpp

Done processing /root/ros2_ws/src/examples/rclcpp/wait_set/include/wait_set/talker.hpp

Done processing /root/ros2_ws/src/examples/rclcpp/wait_set/include/wait_set/visibility.h

Using '--root=/root/ros2_ws/src/examples/rclcpp/wait_set/src' argument

Done processing /root/ros2_ws/src/examples/rclcpp/wait_set/src/executor_random_order.cpp

Done processing /root/ros2_ws/src/examples/rclcpp/wait_set/src/listener.cpp

Done processing /root/ros2_ws/src/examples/rclcpp/wait_set/src/static_wait_set.cpp

Done processing /root/ros2_ws/src/examples/rclcpp/wait_set/src/talker.cpp

Done processing /root/ros2_ws/src/examples/rclcpp/wait_set/src/thread_safe_wait_set.cpp

Done processing /root/ros2_ws/src/examples/rclcpp/wait_set/src/wait_set.cpp

Done processing /root/ros2_ws/src/examples/rclcpp/wait_set/src/wait_set_composed.cpp

Done processing /root/ros2_ws/src/examples/rclcpp/wait_set/src/wait_set_random_order.cpp

Done processing /root/ros2_ws/src/examples/rclcpp/wait_set/src/wait_set_topics_and_timer.cpp

Done processing /root/ros2_ws/src/examples/rclcpp/wait_set/src/wait_set_topics_with_different_rates.cpp

No problems found
-- run_test.py: return code 0
-- run_test.py: verify result file '/root/ros2_ws/build/examples_rclcpp_wait_set/test_results/examples_rclcpp_wait_set/cpplint.xunit.xml'
<end of output>
Test time =   0.60 sec
----------------------------------------------------------
Test Passed.
"cpplint" end time: Oct 03 22:28 UTC
"cpplint" time elapsed: 00:00:00
----------------------------------------------------------

4/6 Testing: lint_cmake
4/6 Test: lint_cmake
Command: "/usr/bin/python3.10" "-u" "/opt/ros/iron/share/ament_cmake_test/cmake/run_test.py" "/root/ros2_ws/build/examples_rclcpp_wait_set/test_results/examples_rclcpp_wait_set/lint_cmake.xunit.xml" "--package-name" "examples_rclcpp_wait_set" "--output-file" "/root/ros2_ws/build/examples_rclcpp_wait_set/ament_lint_cmake/lint_cmake.txt" "--command" "/opt/ros/iron/bin/ament_lint_cmake" "--xunit-file" "/root/ros2_ws/build/examples_rclcpp_wait_set/test_results/examples_rclcpp_wait_set/lint_cmake.xunit.xml"
Directory: /root/ros2_ws/src/examples/rclcpp/wait_set
"lint_cmake" start time: Oct 03 22:28 UTC
Output:
----------------------------------------------------------
-- run_test.py: invoking following command in '/root/ros2_ws/src/examples/rclcpp/wait_set':
 - /opt/ros/iron/bin/ament_lint_cmake --xunit-file /root/ros2_ws/build/examples_rclcpp_wait_set/test_results/examples_rclcpp_wait_set/lint_cmake.xunit.xml

No problems found
-- run_test.py: return code 0
-- run_test.py: verify result file '/root/ros2_ws/build/examples_rclcpp_wait_set/test_results/examples_rclcpp_wait_set/lint_cmake.xunit.xml'
<end of output>
Test time =   0.20 sec
----------------------------------------------------------
Test Passed.
"lint_cmake" end time: Oct 03 22:28 UTC
"lint_cmake" time elapsed: 00:00:00
----------------------------------------------------------

5/6 Testing: uncrustify
5/6 Test: uncrustify
Command: "/usr/bin/python3.10" "-u" "/opt/ros/iron/share/ament_cmake_test/cmake/run_test.py" "/root/ros2_ws/build/examples_rclcpp_wait_set/test_results/examples_rclcpp_wait_set/uncrustify.xunit.xml" "--package-name" "examples_rclcpp_wait_set" "--output-file" "/root/ros2_ws/build/examples_rclcpp_wait_set/ament_uncrustify/uncrustify.txt" "--command" "/opt/ros/iron/bin/ament_uncrustify" "--xunit-file" "/root/ros2_ws/build/examples_rclcpp_wait_set/test_results/examples_rclcpp_wait_set/uncrustify.xunit.xml"
Directory: /root/ros2_ws/src/examples/rclcpp/wait_set
"uncrustify" start time: Oct 03 22:28 UTC
Output:
----------------------------------------------------------
-- run_test.py: invoking following command in '/root/ros2_ws/src/examples/rclcpp/wait_set':
 - /opt/ros/iron/bin/ament_uncrustify --xunit-file /root/ros2_ws/build/examples_rclcpp_wait_set/test_results/examples_rclcpp_wait_set/uncrustify.xunit.xml
No code style divergence in file 'include/wait_set/listener.hpp'

No code style divergence in file 'include/wait_set/random_listener.hpp'

No code style divergence in file 'include/wait_set/random_talker.hpp'

No code style divergence in file 'include/wait_set/talker.hpp'

No code style divergence in file 'include/wait_set/visibility.h'

No code style divergence in file 'src/executor_random_order.cpp'

No code style divergence in file 'src/listener.cpp'

No code style divergence in file 'src/static_wait_set.cpp'

No code style divergence in file 'src/talker.cpp'

No code style divergence in file 'src/thread_safe_wait_set.cpp'

No code style divergence in file 'src/wait_set.cpp'

No code style divergence in file 'src/wait_set_composed.cpp'

No code style divergence in file 'src/wait_set_random_order.cpp'

No code style divergence in file 'src/wait_set_topics_and_timer.cpp'

No code style divergence in file 'src/wait_set_topics_with_different_rates.cpp'

No problems found
-- run_test.py: return code 0
-- run_test.py: verify result file '/root/ros2_ws/build/examples_rclcpp_wait_set/test_results/examples_rclcpp_wait_set/uncrustify.xunit.xml'
<end of output>
Test time =   0.26 sec
----------------------------------------------------------
Test Passed.
"uncrustify" end time: Oct 03 22:28 UTC
"uncrustify" time elapsed: 00:00:00
----------------------------------------------------------

6/6 Testing: xmllint
6/6 Test: xmllint
Command: "/usr/bin/python3.10" "-u" "/opt/ros/iron/share/ament_cmake_test/cmake/run_test.py" "/root/ros2_ws/build/examples_rclcpp_wait_set/test_results/examples_rclcpp_wait_set/xmllint.xunit.xml" "--package-name" "examples_rclcpp_wait_set" "--output-file" "/root/ros2_ws/build/examples_rclcpp_wait_set/ament_xmllint/xmllint.txt" "--command" "/opt/ros/iron/bin/ament_xmllint" "--xunit-file" "/root/ros2_ws/build/examples_rclcpp_wait_set/test_results/examples_rclcpp_wait_set/xmllint.xunit.xml"
Directory: /root/ros2_ws/src/examples/rclcpp/wait_set
"xmllint" start time: Oct 03 22:28 UTC
Output:
----------------------------------------------------------
-- run_test.py: invoking following command in '/root/ros2_ws/src/examples/rclcpp/wait_set':
 - /opt/ros/iron/bin/ament_xmllint --xunit-file /root/ros2_ws/build/examples_rclcpp_wait_set/test_results/examples_rclcpp_wait_set/xmllint.xunit.xml
File 'package.xml' is valid

No problems found
-- run_test.py: return code 0
-- run_test.py: verify result file '/root/ros2_ws/build/examples_rclcpp_wait_set/test_results/examples_rclcpp_wait_set/xmllint.xunit.xml'
<end of output>
Test time =   0.67 sec
----------------------------------------------------------
Test Passed.
"xmllint" end time: Oct 03 22:28 UTC
"xmllint" time elapsed: 00:00:00
----------------------------------------------------------

End testing: Oct 03 22:28 UTC

copyright =   0.79 sec*proc

cppcheck =   0.22 sec*proc

cpplint =   0.60 sec*proc

lint_cmake =   0.20 sec*proc

linter =   2.74 sec*proc

uncrustify =   0.26 sec*proc

xmllint =   0.67 sec*proc

